<?xml version="1.0" encoding="UTF-8"?>
<!-- Generated by org.testng.reporters.JUnitReportReporter -->
<testsuite skipped="0" hostname="Abbss-MacBook-Pro.local" name="test_jenkins.test_jenkins.AppTest" tests="1" failures="0" timestamp="04 Nov 2018 12:19:19 GMT" time="6.966" errors="0">
  <testcase name="test" time="6.966" classname="test_jenkins.test_jenkins.AppTest"/>
</testsuite> <!-- test_jenkins.test_jenkins.AppTest -->
